app/build/intermediates/manifest_merge_blame_file/debug/processDebugMainManifest/manifest-merger-blame-debug-report.txt
1<?xml version="1.0" encoding="utf-8"?>
2<manifest xmlns:android="http://schemas.android.com/apk/res/android"
3    package="com.hexglyph.android.debug"
4    android:versionCode="110"
5    android:versionName="1.10" >
6
7    <uses-sdk
8        android:minSdkVersion="26"
9        android:targetSdkVersion="34" />
10
11    <!-- Permissions -->
12    <uses-permission android:name="android.permission.CAMERA" />
12-->src/main/AndroidManifest.xml:5:5-65
12-->src/main/AndroidManifest.xml:5:22-62
13    <uses-permission android:name="android.permission.USE_BIOMETRIC" />
13-->src/main/AndroidManifest.xml:6:5-72
13-->src/main/AndroidManifest.xml:6:22-69
14    <uses-permission android:name="android.permission.USE_FINGERPRINT" />
14-->src/main/AndroidManifest.xml:7:5-74
14-->src/main/AndroidManifest.xml:7:22-71
15
16    <!-- Image picker: Android 13+ (API 33+) -->
17    <uses-permission
17-->src/main/AndroidManifest.xml:10:5-12:38
18        android:name="android.permission.READ_MEDIA_IMAGES"
18-->src/main/AndroidManifest.xml:11:9-60
19        android:minSdkVersion="33" />
19-->src/main/AndroidManifest.xml:12:9-35
20    <!-- Image picker: Android 9–12 (API 28–32) -->
21    <uses-permission
21-->src/main/AndroidManifest.xml:14:5-16:38
22        android:name="android.permission.READ_EXTERNAL_STORAGE"
22-->src/main/AndroidManifest.xml:15:9-64
23        android:maxSdkVersion="32" />
23-->src/main/AndroidManifest.xml:16:9-35
24
25    <!-- Camera Features -->
26    <uses-feature
26-->src/main/AndroidManifest.xml:19:5-21:35
27        android:name="android.hardware.camera"
27-->src/main/AndroidManifest.xml:20:9-47
28        android:required="true" />
28-->src/main/AndroidManifest.xml:21:9-32
29    <uses-feature
29-->src/main/AndroidManifest.xml:23:5-25:36
30        android:name="android.hardware.camera.autofocus"
30-->src/main/AndroidManifest.xml:24:9-57
31        android:required="false" />
31-->src/main/AndroidManifest.xml:25:9-33
32
33    <permission
33-->[androidx.core:core:1.12.0] AndroidManifest.xml:22:5-24:47
34        android:name="com.hexglyph.android.debug.DYNAMIC_RECEIVER_NOT_EXPORTED_PERMISSION"
34-->[androidx.core:core:1.12.0] AndroidManifest.xml:23:9-81
35        android:protectionLevel="signature" />
35-->[androidx.core:core:1.12.0] AndroidManifest.xml:24:9-44
36
37    <uses-permission android:name="com.hexglyph.android.debug.DYNAMIC_RECEIVER_NOT_EXPORTED_PERMISSION" /> <!-- Although the *SdkVersion is captured in gradle build files, this is required for non gradle builds -->
37-->[androidx.core:core:1.12.0] AndroidManifest.xml:26:5-97
37-->[androidx.core:core:1.12.0] AndroidManifest.xml:26:22-94
38    <!-- <uses-sdk android:minSdkVersion="14"/> -->
39    <uses-permission android:name="android.permission.ACCESS_NETWORK_STATE" />
39-->[com.google.android.datatransport:transport-backend-cct:2.3.3] AndroidManifest.xml:25:5-79
39-->[com.google.android.datatransport:transport-backend-cct:2.3.3] AndroidManifest.xml:25:22-76
40    <uses-permission android:name="android.permission.INTERNET" />
40-->[com.google.android.datatransport:transport-backend-cct:2.3.3] AndroidManifest.xml:26:5-67
40-->[com.google.android.datatransport:transport-backend-cct:2.3.3] AndroidManifest.xml:26:22-64
41
42    <application
42-->src/main/AndroidManifest.xml:27:5-65:19
43        android:name="com.hexglyph.HexGlyphApp"
43-->src/main/AndroidManifest.xml:28:9-36
44        android:allowBackup="false"
44-->src/main/AndroidManifest.xml:29:9-36
45        android:appComponentFactory="androidx.core.app.CoreComponentFactory"
45-->[androidx.core:core:1.12.0] AndroidManifest.xml:28:18-86
46        android:dataExtractionRules="@xml/data_extraction_rules"
46-->src/main/AndroidManifest.xml:30:9-65
47        android:debuggable="true"
48        android:extractNativeLibs="false"
49        android:fullBackupContent="false"
49-->src/main/AndroidManifest.xml:31:9-42
50        android:hardwareAccelerated="true"
50-->src/main/AndroidManifest.xml:32:9-43
51        android:icon="@mipmap/ic_launcher"
51-->src/main/AndroidManifest.xml:33:9-43
52        android:label="@string/app_name"
52-->src/main/AndroidManifest.xml:34:9-41
53        android:supportsRtl="true"
53-->src/main/AndroidManifest.xml:35:9-35
54        android:theme="@style/Theme.HexGlyph" >
54-->src/main/AndroidManifest.xml:36:9-46
55        <activity
55-->src/main/AndroidManifest.xml:38:9-50:20
56            android:name="com.hexglyph.ui.MainActivity"
56-->src/main/AndroidManifest.xml:39:13-44
57            android:exported="true"
57-->src/main/AndroidManifest.xml:40:13-36
58            android:screenOrientation="portrait"
58-->src/main/AndroidManifest.xml:41:13-49
59            android:windowSoftInputMode="adjustResize" >
59-->src/main/AndroidManifest.xml:42:13-55
60            <intent-filter>
60-->src/main/AndroidManifest.xml:44:13-48:29
61                <action android:name="android.intent.action.MAIN" />
61-->src/main/AndroidManifest.xml:45:17-69
61-->src/main/AndroidManifest.xml:45:25-66
62
63                <category android:name="android.intent.category.LAUNCHER" />
63-->src/main/AndroidManifest.xml:47:17-77
63-->src/main/AndroidManifest.xml:47:27-74
64            </intent-filter>
65        </activity>
66
67        <!-- File Provider -->
68        <provider
69            android:name="androidx.core.content.FileProvider"
69-->src/main/AndroidManifest.xml:54:13-62
70            android:authorities="com.hexglyph.android.debug.provider"
70-->src/main/AndroidManifest.xml:55:13-60
71            android:exported="false"
71-->src/main/AndroidManifest.xml:56:13-37
72            android:grantUriPermissions="true" >
72-->src/main/AndroidManifest.xml:57:13-47
73            <meta-data
73-->src/main/AndroidManifest.xml:59:13-61:63
74                android:name="android.support.FILE_PROVIDER_PATHS"
74-->src/main/AndroidManifest.xml:60:17-67
75                android:resource="@xml/file_provider_paths" />
75-->src/main/AndroidManifest.xml:61:17-60
76        </provider>
77
78        <service
78-->[androidx.camera:camera-camera2:1.3.1] AndroidManifest.xml:24:9-33:19
79            android:name="androidx.camera.core.impl.MetadataHolderService"
79-->[androidx.camera:camera-camera2:1.3.1] AndroidManifest.xml:25:13-75
80            android:enabled="false"
80-->[androidx.camera:camera-camera2:1.3.1] AndroidManifest.xml:26:13-36
81            android:exported="false" >
81-->[androidx.camera:camera-camera2:1.3.1] AndroidManifest.xml:27:13-37
82            <meta-data
82-->[androidx.camera:camera-camera2:1.3.1] AndroidManifest.xml:30:13-32:89
83                android:name="androidx.camera.core.impl.MetadataHolderService.DEFAULT_CONFIG_PROVIDER"
83-->[androidx.camera:camera-camera2:1.3.1] AndroidManifest.xml:31:17-103
84                android:value="androidx.camera.camera2.Camera2Config$DefaultProvider" />
84-->[androidx.camera:camera-camera2:1.3.1] AndroidManifest.xml:32:17-86
85        </service>
86        <service
86-->[com.google.mlkit:vision-common:17.0.0] AndroidManifest.xml:9:9-15:19
87            android:name="com.google.mlkit.common.internal.MlKitComponentDiscoveryService"
87-->[com.google.mlkit:vision-common:17.0.0] AndroidManifest.xml:10:13-91
88            android:directBootAware="true"
88-->[com.google.mlkit:common:18.0.0] AndroidManifest.xml:17:13-43
89            android:exported="false" >
89-->[com.google.mlkit:vision-common:17.0.0] AndroidManifest.xml:11:13-37
90            <meta-data
90-->[com.google.mlkit:vision-common:17.0.0] AndroidManifest.xml:12:13-14:85
91                android:name="com.google.firebase.components:com.google.mlkit.vision.common.internal.VisionCommonRegistrar"
91-->[com.google.mlkit:vision-common:17.0.0] AndroidManifest.xml:13:17-124
92                android:value="com.google.firebase.components.ComponentRegistrar" />
92-->[com.google.mlkit:vision-common:17.0.0] AndroidManifest.xml:14:17-82
93            <meta-data
93-->[com.google.mlkit:common:18.0.0] AndroidManifest.xml:20:13-22:85
94                android:name="com.google.firebase.components:com.google.mlkit.common.internal.CommonComponentRegistrar"
94-->[com.google.mlkit:common:18.0.0] AndroidManifest.xml:21:17-120
95                android:value="com.google.firebase.components.ComponentRegistrar" />
95-->[com.google.mlkit:common:18.0.0] AndroidManifest.xml:22:17-82
96        </service>
97
98        <provider
98-->[com.google.mlkit:common:18.0.0] AndroidManifest.xml:9:9-13:38
99            android:name="com.google.mlkit.common.internal.MlKitInitProvider"
99-->[com.google.mlkit:common:18.0.0] AndroidManifest.xml:10:13-78
100            android:authorities="com.hexglyph.android.debug.mlkitinitprovider"
100-->[com.google.mlkit:common:18.0.0] AndroidManifest.xml:11:13-69
101            android:exported="false"
101-->[com.google.mlkit:common:18.0.0] AndroidManifest.xml:12:13-37
102            android:initOrder="99" />
102-->[com.google.mlkit:common:18.0.0] AndroidManifest.xml:13:13-35
103
104        <activity
104-->[com.google.android.gms:play-services-base:18.0.1] AndroidManifest.xml:20:9-22:45
105            android:name="com.google.android.gms.common.api.GoogleApiActivity"
105-->[com.google.android.gms:play-services-base:18.0.1] AndroidManifest.xml:20:19-85
106            android:exported="false"
106-->[com.google.android.gms:play-services-base:18.0.1] AndroidManifest.xml:22:19-43
107            android:theme="@android:style/Theme.Translucent.NoTitleBar" />
107-->[com.google.android.gms:play-services-base:18.0.1] AndroidManifest.xml:21:19-78
108
109        <meta-data
109-->[com.google.android.gms:play-services-basement:18.0.0] AndroidManifest.xml:21:9-23:69
110            android:name="com.google.android.gms.version"
110-->[com.google.android.gms:play-services-basement:18.0.0] AndroidManifest.xml:22:13-58
111            android:value="@integer/google_play_services_version" />
111-->[com.google.android.gms:play-services-basement:18.0.0] AndroidManifest.xml:23:13-66
112
113        <provider
113-->[androidx.emoji2:emoji2:1.3.0] AndroidManifest.xml:24:9-32:20
114            android:name="androidx.startup.InitializationProvider"
114-->[androidx.emoji2:emoji2:1.3.0] AndroidManifest.xml:25:13-67
115            android:authorities="com.hexglyph.android.debug.androidx-startup"
115-->[androidx.emoji2:emoji2:1.3.0] AndroidManifest.xml:26:13-68
116            android:exported="false" >
116-->[androidx.emoji2:emoji2:1.3.0] AndroidManifest.xml:27:13-37
117            <meta-data
117-->[androidx.emoji2:emoji2:1.3.0] AndroidManifest.xml:29:13-31:52
118                android:name="androidx.emoji2.text.EmojiCompatInitializer"
118-->[androidx.emoji2:emoji2:1.3.0] AndroidManifest.xml:30:17-75
119                android:value="androidx.startup" />
119-->[androidx.emoji2:emoji2:1.3.0] AndroidManifest.xml:31:17-49
120            <meta-data
120-->[androidx.lifecycle:lifecycle-process:2.7.0] AndroidManifest.xml:29:13-31:52
121                android:name="androidx.lifecycle.ProcessLifecycleInitializer"
121-->[androidx.lifecycle:lifecycle-process:2.7.0] AndroidManifest.xml:30:17-78
122                android:value="androidx.startup" />
122-->[androidx.lifecycle:lifecycle-process:2.7.0] AndroidManifest.xml:31:17-49
123            <meta-data
123-->[androidx.profileinstaller:profileinstaller:1.3.1] AndroidManifest.xml:29:13-31:52
124                android:name="androidx.profileinstaller.ProfileInstallerInitializer"
124-->[androidx.profileinstaller:profileinstaller:1.3.1] AndroidManifest.xml:30:17-85
125                android:value="androidx.startup" />
125-->[androidx.profileinstaller:profileinstaller:1.3.1] AndroidManifest.xml:31:17-49
126        </provider>
127
128        <activity
128-->[androidx.compose.ui:ui-tooling-android:1.6.1] AndroidManifest.xml:23:9-25:39
129            android:name="androidx.compose.ui.tooling.PreviewActivity"
129-->[androidx.compose.ui:ui-tooling-android:1.6.1] AndroidManifest.xml:24:13-71
130            android:exported="true" />
130-->[androidx.compose.ui:ui-tooling-android:1.6.1] AndroidManifest.xml:25:13-36
131
132        <service
132-->[androidx.room:room-runtime:2.6.1] AndroidManifest.xml:24:9-28:63
133            android:name="androidx.room.MultiInstanceInvalidationService"
133-->[androidx.room:room-runtime:2.6.1] AndroidManifest.xml:25:13-74
134            android:directBootAware="true"
134-->[androidx.room:room-runtime:2.6.1] AndroidManifest.xml:26:13-43
135            android:exported="false" />
135-->[androidx.room:room-runtime:2.6.1] AndroidManifest.xml:27:13-37
136        <service
136-->[com.google.android.datatransport:transport-backend-cct:2.3.3] AndroidManifest.xml:29:9-35:19
137            android:name="com.google.android.datatransport.runtime.backends.TransportBackendDiscovery"
137-->[com.google.android.datatransport:transport-backend-cct:2.3.3] AndroidManifest.xml:30:13-103
138            android:exported="false" >
138-->[com.google.android.datatransport:transport-backend-cct:2.3.3] AndroidManifest.xml:31:13-37
139            <meta-data
139-->[com.google.android.datatransport:transport-backend-cct:2.3.3] AndroidManifest.xml:32:13-34:39
140                android:name="backend:com.google.android.datatransport.cct.CctBackendFactory"
140-->[com.google.android.datatransport:transport-backend-cct:2.3.3] AndroidManifest.xml:33:17-94
141                android:value="cct" />
141-->[com.google.android.datatransport:transport-backend-cct:2.3.3] AndroidManifest.xml:34:17-36
142        </service>
143        <service
143-->[com.google.android.datatransport:transport-runtime:2.2.6] AndroidManifest.xml:26:9-30:19
144            android:name="com.google.android.datatransport.runtime.scheduling.jobscheduling.JobInfoSchedulerService"
144-->[com.google.android.datatransport:transport-runtime:2.2.6] AndroidManifest.xml:27:13-117
145            android:exported="false"
145-->[com.google.android.datatransport:transport-runtime:2.2.6] AndroidManifest.xml:28:13-37
146            android:permission="android.permission.BIND_JOB_SERVICE" >
146-->[com.google.android.datatransport:transport-runtime:2.2.6] AndroidManifest.xml:29:13-69
147        </service>
148
149        <receiver
149-->[com.google.android.datatransport:transport-runtime:2.2.6] AndroidManifest.xml:32:9-34:40
150            android:name="com.google.android.datatransport.runtime.scheduling.jobscheduling.AlarmManagerSchedulerBroadcastReceiver"
150-->[com.google.android.datatransport:transport-runtime:2.2.6] AndroidManifest.xml:33:13-132
151            android:exported="false" />
151-->[com.google.android.datatransport:transport-runtime:2.2.6] AndroidManifest.xml:34:13-37
152        <receiver
152-->[androidx.profileinstaller:profileinstaller:1.3.1] AndroidManifest.xml:34:9-52:20
153            android:name="androidx.profileinstaller.ProfileInstallReceiver"
153-->[androidx.profileinstaller:profileinstaller:1.3.1] AndroidManifest.xml:35:13-76
154            android:directBootAware="false"
154-->[androidx.profileinstaller:profileinstaller:1.3.1] AndroidManifest.xml:36:13-44
155            android:enabled="true"
155-->[androidx.profileinstaller:profileinstaller:1.3.1] AndroidManifest.xml:37:13-35
156            android:exported="true"
156-->[androidx.profileinstaller:profileinstaller:1.3.1] AndroidManifest.xml:38:13-36
157            android:permission="android.permission.DUMP" >
157-->[androidx.profileinstaller:profileinstaller:1.3.1] AndroidManifest.xml:39:13-57
158            <intent-filter>
158-->[androidx.profileinstaller:profileinstaller:1.3.1] AndroidManifest.xml:40:13-42:29
159                <action android:name="androidx.profileinstaller.action.INSTALL_PROFILE" />
159-->[androidx.profileinstaller:profileinstaller:1.3.1] AndroidManifest.xml:41:17-91
159-->[androidx.profileinstaller:profileinstaller:1.3.1] AndroidManifest.xml:41:25-88
160            </intent-filter>
161            <intent-filter>
161-->[androidx.profileinstaller:profileinstaller:1.3.1] AndroidManifest.xml:43:13-45:29
162                <action android:name="androidx.profileinstaller.action.SKIP_FILE" />
162-->[androidx.profileinstaller:profileinstaller:1.3.1] AndroidManifest.xml:44:17-85
162-->[androidx.profileinstaller:profileinstaller:1.3.1] AndroidManifest.xml:44:25-82
163            </intent-filter>
164            <intent-filter>
164-->[androidx.profileinstaller:profileinstaller:1.3.1] AndroidManifest.xml:46:13-48:29
165                <action android:name="androidx.profileinstaller.action.SAVE_PROFILE" />
165-->[androidx.profileinstaller:profileinstaller:1.3.1] AndroidManifest.xml:47:17-88
165-->[androidx.profileinstaller:profileinstaller:1.3.1] AndroidManifest.xml:47:25-85
166            </intent-filter>
167            <intent-filter>
167-->[androidx.profileinstaller:profileinstaller:1.3.1] AndroidManifest.xml:49:13-51:29
168                <action android:name="androidx.profileinstaller.action.BENCHMARK_OPERATION" />
168-->[androidx.profileinstaller:profileinstaller:1.3.1] AndroidManifest.xml:50:17-95
168-->[androidx.profileinstaller:profileinstaller:1.3.1] AndroidManifest.xml:50:25-92
169            </intent-filter>
170        </receiver>
171    </application>
172
173</manifest>